00:09:12 **** Build of configuration Debug for project Fan_Controller ****
make all 
Building file: ../adc.c
Invoking: AVR Compiler
avr-gcc -Wall -g2 -gstabs -O0 -fpack-struct -fshort-enums -ffunction-sections -fdata-sections -std=gnu99 -funsigned-char -funsigned-bitfields -mmcu=atmega16 -DF_CPU=1000000UL -MMD -MP -MF"adc.d" -MT"adc.o" -c -o "adc.o" "../adc.c"
Finished building: ../adc.c
 
Building file: ../dc_motor.c
Invoking: AVR Compiler
avr-gcc -Wall -g2 -gstabs -O0 -fpack-struct -fshort-enums -ffunction-sections -fdata-sections -std=gnu99 -funsigned-char -funsigned-bitfields -mmcu=atmega16 -DF_CPU=1000000UL -MMD -MP -MF"dc_motor.d" -MT"dc_motor.o" -c -o "dc_motor.o" "../dc_motor.c"
Finished building: ../dc_motor.c
 
Building file: ../gpio.c
Invoking: AVR Compiler
avr-gcc -Wall -g2 -gstabs -O0 -fpack-struct -fshort-enums -ffunction-sections -fdata-sections -std=gnu99 -funsigned-char -funsigned-bitfields -mmcu=atmega16 -DF_CPU=1000000UL -MMD -MP -MF"gpio.d" -MT"gpio.o" -c -o "gpio.o" "../gpio.c"
Finished building: ../gpio.c
 
Building file: ../lcd.c
Invoking: AVR Compiler
avr-gcc -Wall -g2 -gstabs -O0 -fpack-struct -fshort-enums -ffunction-sections -fdata-sections -std=gnu99 -funsigned-char -funsigned-bitfields -mmcu=atmega16 -DF_CPU=1000000UL -MMD -MP -MF"lcd.d" -MT"lcd.o" -c -o "lcd.o" "../lcd.c"
In file included from ../lcd.c:13:
c:/winavr-20100110/lib/gcc/../../avr/include/util/delay.h:90:3: warning: #warning "Compiler optimizations disabled; functions from <util/delay.h> won't work as designed"
../lcd.c: In function 'LCD_intgerToString':
../lcd.c:145: warning: implicit declaration of function 'itoa'
Finished building: ../lcd.c
 
Building file: ../lm35_sensor.c
Invoking: AVR Compiler
avr-gcc -Wall -g2 -gstabs -O0 -fpack-struct -fshort-enums -ffunction-sections -fdata-sections -std=gnu99 -funsigned-char -funsigned-bitfields -mmcu=atmega16 -DF_CPU=1000000UL -MMD -MP -MF"lm35_sensor.d" -MT"lm35_sensor.o" -c -o "lm35_sensor.o" "../lm35_sensor.c"
../lm35_sensor.c: In function 'LM35_getTemperature':
../lm35_sensor.c:31: error: 'ADC_REF_VOLT_VALUE' undeclared (first use in this function)
../lm35_sensor.c:31: error: (Each undeclared identifier is reported only once
../lm35_sensor.c:31: error: for each function it appears in.)
../lm35_sensor.c:31: error: 'ADC_MAXIMUM_VALUE' undeclared (first use in this function)
make: *** [lm35_sensor.o] Error 1
"make all" terminated with exit code 2. Build might be incomplete.
00:58:41 **** Incremental Build of configuration Debug for project Fan_Controller ****
make all 
Building file: ../adc.c
Invoking: AVR Compiler
avr-gcc -Wall -g2 -gstabs -O0 -fpack-struct -fshort-enums -ffunction-sections -fdata-sections -std=gnu99 -funsigned-char -funsigned-bitfields -mmcu=atmega16 -DF_CPU=1000000UL -MMD -MP -MF"adc.d" -MT"adc.o" -c -o "adc.o" "../adc.c"
Finished building: ../adc.c
 
Building file: ../dc_motor.c
Invoking: AVR Compiler
avr-gcc -Wall -g2 -gstabs -O0 -fpack-struct -fshort-enums -ffunction-sections -fdata-sections -std=gnu99 -funsigned-char -funsigned-bitfields -mmcu=atmega16 -DF_CPU=1000000UL -MMD -MP -MF"dc_motor.d" -MT"dc_motor.o" -c -o "dc_motor.o" "../dc_motor.c"
Finished building: ../dc_motor.c
 
Building file: ../gpio.c
Invoking: AVR Compiler
avr-gcc -Wall -g2 -gstabs -O0 -fpack-struct -fshort-enums -ffunction-sections -fdata-sections -std=gnu99 -funsigned-char -funsigned-bitfields -mmcu=atmega16 -DF_CPU=1000000UL -MMD -MP -MF"gpio.d" -MT"gpio.o" -c -o "gpio.o" "../gpio.c"
Finished building: ../gpio.c
 
Building file: ../lcd.c
Invoking: AVR Compiler
avr-gcc -Wall -g2 -gstabs -O0 -fpack-struct -fshort-enums -ffunction-sections -fdata-sections -std=gnu99 -funsigned-char -funsigned-bitfields -mmcu=atmega16 -DF_CPU=1000000UL -MMD -MP -MF"lcd.d" -MT"lcd.o" -c -o "lcd.o" "../lcd.c"
In file included from ../lcd.c:13:
c:/winavr-20100110/lib/gcc/../../avr/include/util/delay.h:90:3: warning: #warning "Compiler optimizations disabled; functions from <util/delay.h> won't work as designed"
../lcd.c: In function 'LCD_intgerToString':
../lcd.c:145: warning: implicit declaration of function 'itoa'
Finished building: ../lcd.c
 
Building file: ../lm35_sensor.c
Invoking: AVR Compiler
avr-gcc -Wall -g2 -gstabs -O0 -fpack-struct -fshort-enums -ffunction-sections -fdata-sections -std=gnu99 -funsigned-char -funsigned-bitfields -mmcu=atmega16 -DF_CPU=1000000UL -MMD -MP -MF"lm35_sensor.d" -MT"lm35_sensor.o" -c -o "lm35_sensor.o" "../lm35_sensor.c"
Finished building: ../lm35_sensor.c
 
Building file: ../main.c
Invoking: AVR Compiler
avr-gcc -Wall -g2 -gstabs -O0 -fpack-struct -fshort-enums -ffunction-sections -fdata-sections -std=gnu99 -funsigned-char -funsigned-bitfields -mmcu=atmega16 -DF_CPU=1000000UL -MMD -MP -MF"main.d" -MT"main.o" -c -o "main.o" "../main.c"
../main.c: In function 'main':
../main.c:15: warning: implicit declaration of function 'LM35_init'
Finished building: ../main.c
 
Building file: ../pwm.c
Invoking: AVR Compiler
avr-gcc -Wall -g2 -gstabs -O0 -fpack-struct -fshort-enums -ffunction-sections -fdata-sections -std=gnu99 -funsigned-char -funsigned-bitfields -mmcu=atmega16 -DF_CPU=1000000UL -MMD -MP -MF"pwm.d" -MT"pwm.o" -c -o "pwm.o" "../pwm.c"
Finished building: ../pwm.c
 
Building target: Fan_Controller.elf
Invoking: AVR C Linker
avr-gcc -Wl,-Map,Fan_Controller.map -mmcu=atmega16 -o "Fan_Controller.elf"  ./adc.o ./dc_motor.o ./gpio.o ./lcd.o ./lm35_sensor.o ./main.o ./pwm.o   
./main.o: In function `main':
../main.c:15: undefined reference to `LM35_init'
make: *** [Fan_Controller.elf] Error 1
"make all" terminated with exit code 2. Build might be incomplete.
01:02:13 **** Incremental Build of configuration Debug for project Fan_Controller ****
make all 
Building file: ../dc_motor.c
Invoking: AVR Compiler
avr-gcc -Wall -g2 -gstabs -O0 -fpack-struct -fshort-enums -ffunction-sections -fdata-sections -std=gnu99 -funsigned-char -funsigned-bitfields -mmcu=atmega16 -DF_CPU=1000000UL -MMD -MP -MF"dc_motor.d" -MT"dc_motor.o" -c -o "dc_motor.o" "../dc_motor.c"
Finished building: ../dc_motor.c
 
Building file: ../gpio.c
Invoking: AVR Compiler
avr-gcc -Wall -g2 -gstabs -O0 -fpack-struct -fshort-enums -ffunction-sections -fdata-sections -std=gnu99 -funsigned-char -funsigned-bitfields -mmcu=atmega16 -DF_CPU=1000000UL -MMD -MP -MF"gpio.d" -MT"gpio.o" -c -o "gpio.o" "../gpio.c"
Finished building: ../gpio.c
 
Building file: ../lm35_sensor.c
Invoking: AVR Compiler
avr-gcc -Wall -g2 -gstabs -O0 -fpack-struct -fshort-enums -ffunction-sections -fdata-sections -std=gnu99 -funsigned-char -funsigned-bitfields -mmcu=atmega16 -DF_CPU=1000000UL -MMD -MP -MF"lm35_sensor.d" -MT"lm35_sensor.o" -c -o "lm35_sensor.o" "../lm35_sensor.c"
Finished building: ../lm35_sensor.c
 
Building file: ../main.c
Invoking: AVR Compiler
avr-gcc -Wall -g2 -gstabs -O0 -fpack-struct -fshort-enums -ffunction-sections -fdata-sections -std=gnu99 -funsigned-char -funsigned-bitfields -mmcu=atmega16 -DF_CPU=1000000UL -MMD -MP -MF"main.d" -MT"main.o" -c -o "main.o" "../main.c"
Finished building: ../main.c
 
Building target: Fan_Controller.elf
Invoking: AVR C Linker
avr-gcc -Wl,-Map,Fan_Controller.map -mmcu=atmega16 -o "Fan_Controller.elf"  ./adc.o ./dc_motor.o ./gpio.o ./lcd.o ./lm35_sensor.o ./main.o ./pwm.o   
Finished building target: Fan_Controller.elf
 
Invoking: AVR Create Extended Listing
avr-objdump -h -S Fan_Controller.elf  >"Fan_Controller.lss"
Finished building: Fan_Controller.lss
 
Invoking: Print Size
avr-size --format=avr --mcu=atmega16 Fan_Controller.elf
AVR Memory Usage
----------------
Device: atmega16

Program:    9046 bytes (55.2% Full)
(.text + .data + .bootloader)

Data:        282 bytes (27.5% Full)
(.data + .bss + .noinit)


Finished building: sizedummy
 
01:17:00 **** Incremental Build of configuration Debug for project Fan_Controller ****
make all 
Building file: ../dc_motor.c
Invoking: AVR Compiler
avr-gcc -Wall -g2 -gstabs -O0 -fpack-struct -fshort-enums -ffunction-sections -fdata-sections -std=gnu99 -funsigned-char -funsigned-bitfields -mmcu=atmega16 -DF_CPU=1000000UL -MMD -MP -MF"dc_motor.d" -MT"dc_motor.o" -c -o "dc_motor.o" "../dc_motor.c"
Finished building: ../dc_motor.c
 
Building file: ../main.c
Invoking: AVR Compiler
avr-gcc -Wall -g2 -gstabs -O0 -fpack-struct -fshort-enums -ffunction-sections -fdata-sections -std=gnu99 -funsigned-char -funsigned-bitfields -mmcu=atmega16 -DF_CPU=1000000UL -MMD -MP -MF"main.d" -MT"main.o" -c -o "main.o" "../main.c"
Finished building: ../main.c
 
Building target: Fan_Controller.elf
Invoking: AVR C Linker
avr-gcc -Wl,-Map,Fan_Controller.map -mmcu=atmega16 -o "Fan_Controller.elf"  ./adc.o ./dc_motor.o ./gpio.o ./lcd.o ./lm35_sensor.o ./main.o ./pwm.o   
Finished building target: Fan_Controller.elf
 
Invoking: AVR Create Extended Listing
avr-objdump -h -S Fan_Controller.elf  >"Fan_Controller.lss"
Finished building: Fan_Controller.lss
 
Invoking: Print Size
avr-size --format=avr --mcu=atmega16 Fan_Controller.elf
AVR Memory Usage
----------------
Device: atmega16

Program:    9390 bytes (57.3% Full)
(.text + .data + .bootloader)

Data:        304 bytes (29.7% Full)
(.data + .bss + .noinit)


Finished building: sizedummy
 
01:21:53 **** Incremental Build of configuration Debug for project Fan_Controller ****
make all 
Building file: ../dc_motor.c
Invoking: AVR Compiler
avr-gcc -Wall -g2 -gstabs -O0 -fpack-struct -fshort-enums -ffunction-sections -fdata-sections -std=gnu99 -funsigned-char -funsigned-bitfields -mmcu=atmega16 -DF_CPU=1000000UL -MMD -MP -MF"dc_motor.d" -MT"dc_motor.o" -c -o "dc_motor.o" "../dc_motor.c"
Finished building: ../dc_motor.c
 
Building target: Fan_Controller.elf
Invoking: AVR C Linker
avr-gcc -Wl,-Map,Fan_Controller.map -mmcu=atmega16 -o "Fan_Controller.elf"  ./adc.o ./dc_motor.o ./gpio.o ./lcd.o ./lm35_sensor.o ./main.o ./pwm.o   
Finished building target: Fan_Controller.elf
 
Invoking: AVR Create Extended Listing
avr-objdump -h -S Fan_Controller.elf  >"Fan_Controller.lss"
Finished building: Fan_Controller.lss
 
Invoking: Print Size
avr-size --format=avr --mcu=atmega16 Fan_Controller.elf
AVR Memory Usage
----------------
Device: atmega16

Program:    9390 bytes (57.3% Full)
(.text + .data + .bootloader)

Data:        304 bytes (29.7% Full)
(.data + .bss + .noinit)


Finished building: sizedummy
 
01:24:30 **** Incremental Build of configuration Debug for project Fan_Controller ****
make all 
Building file: ../main.c
Invoking: AVR Compiler
avr-gcc -Wall -g2 -gstabs -O0 -fpack-struct -fshort-enums -ffunction-sections -fdata-sections -std=gnu99 -funsigned-char -funsigned-bitfields -mmcu=atmega16 -DF_CPU=1000000UL -MMD -MP -MF"main.d" -MT"main.o" -c -o "main.o" "../main.c"
Finished building: ../main.c
 
Building target: Fan_Controller.elf
Invoking: AVR C Linker
avr-gcc -Wl,-Map,Fan_Controller.map -mmcu=atmega16 -o "Fan_Controller.elf"  ./adc.o ./dc_motor.o ./gpio.o ./lcd.o ./lm35_sensor.o ./main.o ./pwm.o   
Finished building target: Fan_Controller.elf
 
Invoking: AVR Create Extended Listing
avr-objdump -h -S Fan_Controller.elf  >"Fan_Controller.lss"
Finished building: Fan_Controller.lss
 
Invoking: Print Size
avr-size --format=avr --mcu=atmega16 Fan_Controller.elf
AVR Memory Usage
----------------
Device: atmega16

Program:    9410 bytes (57.4% Full)
(.text + .data + .bootloader)

Data:        304 bytes (29.7% Full)
(.data + .bss + .noinit)


Finished building: sizedummy
 
01:25:17 **** Incremental Build of configuration Debug for project Fan_Controller ****
make all 
Building file: ../dc_motor.c
Invoking: AVR Compiler
avr-gcc -Wall -g2 -gstabs -O0 -fpack-struct -fshort-enums -ffunction-sections -fdata-sections -std=gnu99 -funsigned-char -funsigned-bitfields -mmcu=atmega16 -DF_CPU=1000000UL -MMD -MP -MF"dc_motor.d" -MT"dc_motor.o" -c -o "dc_motor.o" "../dc_motor.c"
Finished building: ../dc_motor.c
 
Building file: ../main.c
Invoking: AVR Compiler
avr-gcc -Wall -g2 -gstabs -O0 -fpack-struct -fshort-enums -ffunction-sections -fdata-sections -std=gnu99 -funsigned-char -funsigned-bitfields -mmcu=atmega16 -DF_CPU=1000000UL -MMD -MP -MF"main.d" -MT"main.o" -c -o "main.o" "../main.c"
Finished building: ../main.c
 
Building target: Fan_Controller.elf
Invoking: AVR C Linker
avr-gcc -Wl,-Map,Fan_Controller.map -mmcu=atmega16 -o "Fan_Controller.elf"  ./adc.o ./dc_motor.o ./gpio.o ./lcd.o ./lm35_sensor.o ./main.o ./pwm.o   
Finished building target: Fan_Controller.elf
 
Invoking: AVR Create Extended Listing
avr-objdump -h -S Fan_Controller.elf  >"Fan_Controller.lss"
Finished building: Fan_Controller.lss
 
Invoking: Print Size
avr-size --format=avr --mcu=atmega16 Fan_Controller.elf
AVR Memory Usage
----------------
Device: atmega16

Program:    9400 bytes (57.4% Full)
(.text + .data + .bootloader)

Data:        304 bytes (29.7% Full)
(.data + .bss + .noinit)


Finished building: sizedummy
 
01:25:47 **** Incremental Build of configuration Debug for project Fan_Controller ****
make all 
Building file: ../dc_motor.c
Invoking: AVR Compiler
avr-gcc -Wall -g2 -gstabs -O0 -fpack-struct -fshort-enums -ffunction-sections -fdata-sections -std=gnu99 -funsigned-char -funsigned-bitfields -mmcu=atmega16 -DF_CPU=1000000UL -MMD -MP -MF"dc_motor.d" -MT"dc_motor.o" -c -o "dc_motor.o" "../dc_motor.c"
Finished building: ../dc_motor.c
 
Building target: Fan_Controller.elf
Invoking: AVR C Linker
avr-gcc -Wl,-Map,Fan_Controller.map -mmcu=atmega16 -o "Fan_Controller.elf"  ./adc.o ./dc_motor.o ./gpio.o ./lcd.o ./lm35_sensor.o ./main.o ./pwm.o   
Finished building target: Fan_Controller.elf
 
Invoking: AVR Create Extended Listing
avr-objdump -h -S Fan_Controller.elf  >"Fan_Controller.lss"
Finished building: Fan_Controller.lss
 
Invoking: Print Size
avr-size --format=avr --mcu=atmega16 Fan_Controller.elf
AVR Memory Usage
----------------
Device: atmega16

Program:    9408 bytes (57.4% Full)
(.text + .data + .bootloader)

Data:        304 bytes (29.7% Full)
(.data + .bss + .noinit)


Finished building: sizedummy
 
01:27:07 **** Incremental Build of configuration Debug for project Fan_Controller ****
make all 
Building file: ../dc_motor.c
Invoking: AVR Compiler
avr-gcc -Wall -g2 -gstabs -O0 -fpack-struct -fshort-enums -ffunction-sections -fdata-sections -std=gnu99 -funsigned-char -funsigned-bitfields -mmcu=atmega16 -DF_CPU=1000000UL -MMD -MP -MF"dc_motor.d" -MT"dc_motor.o" -c -o "dc_motor.o" "../dc_motor.c"
Finished building: ../dc_motor.c
 
Building target: Fan_Controller.elf
Invoking: AVR C Linker
avr-gcc -Wl,-Map,Fan_Controller.map -mmcu=atmega16 -o "Fan_Controller.elf"  ./adc.o ./dc_motor.o ./gpio.o ./lcd.o ./lm35_sensor.o ./main.o ./pwm.o   
Finished building target: Fan_Controller.elf
 
Invoking: AVR Create Extended Listing
avr-objdump -h -S Fan_Controller.elf  >"Fan_Controller.lss"
Finished building: Fan_Controller.lss
 
Invoking: Print Size
avr-size --format=avr --mcu=atmega16 Fan_Controller.elf
AVR Memory Usage
----------------
Device: atmega16

Program:    9390 bytes (57.3% Full)
(.text + .data + .bootloader)

Data:        304 bytes (29.7% Full)
(.data + .bss + .noinit)


Finished building: sizedummy
 
01:27:23 **** Incremental Build of configuration Debug for project Fan_Controller ****
make all 
Building file: ../main.c
Invoking: AVR Compiler
avr-gcc -Wall -g2 -gstabs -O0 -fpack-struct -fshort-enums -ffunction-sections -fdata-sections -std=gnu99 -funsigned-char -funsigned-bitfields -mmcu=atmega16 -DF_CPU=1000000UL -MMD -MP -MF"main.d" -MT"main.o" -c -o "main.o" "../main.c"
Finished building: ../main.c
 
Building target: Fan_Controller.elf
Invoking: AVR C Linker
avr-gcc -Wl,-Map,Fan_Controller.map -mmcu=atmega16 -o "Fan_Controller.elf"  ./adc.o ./dc_motor.o ./gpio.o ./lcd.o ./lm35_sensor.o ./main.o ./pwm.o   
Finished building target: Fan_Controller.elf
 
Invoking: AVR Create Extended Listing
avr-objdump -h -S Fan_Controller.elf  >"Fan_Controller.lss"
Finished building: Fan_Controller.lss
 
Invoking: Print Size
avr-size --format=avr --mcu=atmega16 Fan_Controller.elf
AVR Memory Usage
----------------
Device: atmega16

Program:    9390 bytes (57.3% Full)
(.text + .data + .bootloader)

Data:        304 bytes (29.7% Full)
(.data + .bss + .noinit)


Finished building: sizedummy
 
01:28:06 **** Incremental Build of configuration Debug for project Fan_Controller ****
make all 
Building file: ../main.c
Invoking: AVR Compiler
avr-gcc -Wall -g2 -gstabs -O0 -fpack-struct -fshort-enums -ffunction-sections -fdata-sections -std=gnu99 -funsigned-char -funsigned-bitfields -mmcu=atmega16 -DF_CPU=1000000UL -MMD -MP -MF"main.d" -MT"main.o" -c -o "main.o" "../main.c"
Finished building: ../main.c
 
Building target: Fan_Controller.elf
Invoking: AVR C Linker
avr-gcc -Wl,-Map,Fan_Controller.map -mmcu=atmega16 -o "Fan_Controller.elf"  ./adc.o ./dc_motor.o ./gpio.o ./lcd.o ./lm35_sensor.o ./main.o ./pwm.o   
Finished building target: Fan_Controller.elf
 
Invoking: AVR Create Extended Listing
avr-objdump -h -S Fan_Controller.elf  >"Fan_Controller.lss"
Finished building: Fan_Controller.lss
 
Invoking: Print Size
avr-size --format=avr --mcu=atmega16 Fan_Controller.elf
AVR Memory Usage
----------------
Device: atmega16

Program:    9390 bytes (57.3% Full)
(.text + .data + .bootloader)

Data:        304 bytes (29.7% Full)
(.data + .bss + .noinit)


Finished building: sizedummy
 
01:28:18 **** Incremental Build of configuration Debug for project Fan_Controller ****
make all 
Building file: ../main.c
Invoking: AVR Compiler
avr-gcc -Wall -g2 -gstabs -O0 -fpack-struct -fshort-enums -ffunction-sections -fdata-sections -std=gnu99 -funsigned-char -funsigned-bitfields -mmcu=atmega16 -DF_CPU=1000000UL -MMD -MP -MF"main.d" -MT"main.o" -c -o "main.o" "../main.c"
Finished building: ../main.c
 
Building target: Fan_Controller.elf
Invoking: AVR C Linker
avr-gcc -Wl,-Map,Fan_Controller.map -mmcu=atmega16 -o "Fan_Controller.elf"  ./adc.o ./dc_motor.o ./gpio.o ./lcd.o ./lm35_sensor.o ./main.o ./pwm.o   
Finished building target: Fan_Controller.elf
 
Invoking: AVR Create Extended Listing
avr-objdump -h -S Fan_Controller.elf  >"Fan_Controller.lss"
Finished building: Fan_Controller.lss
 
Invoking: Print Size
avr-size --format=avr --mcu=atmega16 Fan_Controller.elf
AVR Memory Usage
----------------
Device: atmega16

Program:    9390 bytes (57.3% Full)
(.text + .data + .bootloader)

Data:        304 bytes (29.7% Full)
(.data + .bss + .noinit)


Finished building: sizedummy
 
01:28:42 **** Incremental Build of configuration Debug for project Fan_Controller ****
make all 
Building file: ../main.c
Invoking: AVR Compiler
avr-gcc -Wall -g2 -gstabs -O0 -fpack-struct -fshort-enums -ffunction-sections -fdata-sections -std=gnu99 -funsigned-char -funsigned-bitfields -mmcu=atmega16 -DF_CPU=1000000UL -MMD -MP -MF"main.d" -MT"main.o" -c -o "main.o" "../main.c"
Finished building: ../main.c
 
Building target: Fan_Controller.elf
Invoking: AVR C Linker
avr-gcc -Wl,-Map,Fan_Controller.map -mmcu=atmega16 -o "Fan_Controller.elf"  ./adc.o ./dc_motor.o ./gpio.o ./lcd.o ./lm35_sensor.o ./main.o ./pwm.o   
Finished building target: Fan_Controller.elf
 
Invoking: AVR Create Extended Listing
avr-objdump -h -S Fan_Controller.elf  >"Fan_Controller.lss"
Finished building: Fan_Controller.lss
 
Invoking: Print Size
avr-size --format=avr --mcu=atmega16 Fan_Controller.elf
AVR Memory Usage
----------------
Device: atmega16

Program:    9390 bytes (57.3% Full)
(.text + .data + .bootloader)

Data:        304 bytes (29.7% Full)
(.data + .bss + .noinit)


Finished building: sizedummy
 
01:30:12 **** Incremental Build of configuration Debug for project Fan_Controller ****
make all 
Building file: ../main.c
Invoking: AVR Compiler
avr-gcc -Wall -g2 -gstabs -O0 -fpack-struct -fshort-enums -ffunction-sections -fdata-sections -std=gnu99 -funsigned-char -funsigned-bitfields -mmcu=atmega16 -DF_CPU=1000000UL -MMD -MP -MF"main.d" -MT"main.o" -c -o "main.o" "../main.c"
Finished building: ../main.c
 
Building target: Fan_Controller.elf
Invoking: AVR C Linker
avr-gcc -Wl,-Map,Fan_Controller.map -mmcu=atmega16 -o "Fan_Controller.elf"  ./adc.o ./dc_motor.o ./gpio.o ./lcd.o ./lm35_sensor.o ./main.o ./pwm.o   
Finished building target: Fan_Controller.elf
 
Invoking: AVR Create Extended Listing
avr-objdump -h -S Fan_Controller.elf  >"Fan_Controller.lss"
Finished building: Fan_Controller.lss
 
Invoking: Print Size
avr-size --format=avr --mcu=atmega16 Fan_Controller.elf
AVR Memory Usage
----------------
Device: atmega16

Program:    9390 bytes (57.3% Full)
(.text + .data + .bootloader)

Data:        304 bytes (29.7% Full)
(.data + .bss + .noinit)


Finished building: sizedummy
 
17:11:22 **** Incremental Build of configuration Debug for project Fan_Controller ****
make all 
Building file: ../adc.c
Invoking: AVR Compiler
avr-gcc -Wall -g2 -gstabs -O0 -fpack-struct -fshort-enums -ffunction-sections -fdata-sections -std=gnu99 -funsigned-char -funsigned-bitfields -mmcu=atmega16 -DF_CPU=1000000UL -MMD -MP -MF"adc.d" -MT"adc.o" -c -o "adc.o" "../adc.c"
Finished building: ../adc.c
 
Building file: ../dc_motor.c
Invoking: AVR Compiler
avr-gcc -Wall -g2 -gstabs -O0 -fpack-struct -fshort-enums -ffunction-sections -fdata-sections -std=gnu99 -funsigned-char -funsigned-bitfields -mmcu=atmega16 -DF_CPU=1000000UL -MMD -MP -MF"dc_motor.d" -MT"dc_motor.o" -c -o "dc_motor.o" "../dc_motor.c"
Finished building: ../dc_motor.c
 
Building file: ../gpio.c
Invoking: AVR Compiler
avr-gcc -Wall -g2 -gstabs -O0 -fpack-struct -fshort-enums -ffunction-sections -fdata-sections -std=gnu99 -funsigned-char -funsigned-bitfields -mmcu=atmega16 -DF_CPU=1000000UL -MMD -MP -MF"gpio.d" -MT"gpio.o" -c -o "gpio.o" "../gpio.c"
Finished building: ../gpio.c
 
Building file: ../lcd.c
Invoking: AVR Compiler
avr-gcc -Wall -g2 -gstabs -O0 -fpack-struct -fshort-enums -ffunction-sections -fdata-sections -std=gnu99 -funsigned-char -funsigned-bitfields -mmcu=atmega16 -DF_CPU=1000000UL -MMD -MP -MF"lcd.d" -MT"lcd.o" -c -o "lcd.o" "../lcd.c"
In file included from ../lcd.c:13:
c:/winavr-20100110/lib/gcc/../../avr/include/util/delay.h:90:3: warning: #warning "Compiler optimizations disabled; functions from <util/delay.h> won't work as designed"
../lcd.c: In function 'LCD_intgerToString':
../lcd.c:145: warning: implicit declaration of function 'itoa'
Finished building: ../lcd.c
 
Building file: ../lm35_sensor.c
Invoking: AVR Compiler
avr-gcc -Wall -g2 -gstabs -O0 -fpack-struct -fshort-enums -ffunction-sections -fdata-sections -std=gnu99 -funsigned-char -funsigned-bitfields -mmcu=atmega16 -DF_CPU=1000000UL -MMD -MP -MF"lm35_sensor.d" -MT"lm35_sensor.o" -c -o "lm35_sensor.o" "../lm35_sensor.c"
Finished building: ../lm35_sensor.c
 
Building file: ../main.c
Invoking: AVR Compiler
avr-gcc -Wall -g2 -gstabs -O0 -fpack-struct -fshort-enums -ffunction-sections -fdata-sections -std=gnu99 -funsigned-char -funsigned-bitfields -mmcu=atmega16 -DF_CPU=1000000UL -MMD -MP -MF"main.d" -MT"main.o" -c -o "main.o" "../main.c"
Finished building: ../main.c
 
Building file: ../pwm.c
Invoking: AVR Compiler
avr-gcc -Wall -g2 -gstabs -O0 -fpack-struct -fshort-enums -ffunction-sections -fdata-sections -std=gnu99 -funsigned-char -funsigned-bitfields -mmcu=atmega16 -DF_CPU=1000000UL -MMD -MP -MF"pwm.d" -MT"pwm.o" -c -o "pwm.o" "../pwm.c"
Finished building: ../pwm.c
 
Building target: Fan_Controller.elf
Invoking: AVR C Linker
avr-gcc -Wl,-Map,Fan_Controller.map -mmcu=atmega16 -o "Fan_Controller.elf"  ./adc.o ./dc_motor.o ./gpio.o ./lcd.o ./lm35_sensor.o ./main.o ./pwm.o   
Finished building target: Fan_Controller.elf
 
Invoking: AVR Create Extended Listing
avr-objdump -h -S Fan_Controller.elf  >"Fan_Controller.lss"
Finished building: Fan_Controller.lss
 
Invoking: Print Size
avr-size --format=avr --mcu=atmega16 Fan_Controller.elf
AVR Memory Usage
----------------
Device: atmega16

Program:    9384 bytes (57.3% Full)
(.text + .data + .bootloader)

Data:        298 bytes (29.1% Full)
(.data + .bss + .noinit)


Finished building: sizedummy
 
17:11:56 **** Incremental Build of configuration Debug for project Fan_Controller ****
make all 
Building file: ../main.c
Invoking: AVR Compiler
avr-gcc -Wall -g2 -gstabs -O0 -fpack-struct -fshort-enums -ffunction-sections -fdata-sections -std=gnu99 -funsigned-char -funsigned-bitfields -mmcu=atmega16 -DF_CPU=1000000UL -MMD -MP -MF"main.d" -MT"main.o" -c -o "main.o" "../main.c"
Finished building: ../main.c
 
Building target: Fan_Controller.elf
Invoking: AVR C Linker
avr-gcc -Wl,-Map,Fan_Controller.map -mmcu=atmega16 -o "Fan_Controller.elf"  ./adc.o ./dc_motor.o ./gpio.o ./lcd.o ./lm35_sensor.o ./main.o ./pwm.o   
Finished building target: Fan_Controller.elf
 
Invoking: AVR Create Extended Listing
avr-objdump -h -S Fan_Controller.elf  >"Fan_Controller.lss"
Finished building: Fan_Controller.lss
 
Invoking: Print Size
avr-size --format=avr --mcu=atmega16 Fan_Controller.elf
AVR Memory Usage
----------------
Device: atmega16

Program:    9384 bytes (57.3% Full)
(.text + .data + .bootloader)

Data:        298 bytes (29.1% Full)
(.data + .bss + .noinit)


Finished building: sizedummy
 
17:12:09 **** Incremental Build of configuration Debug for project Fan_Controller ****
make all 
Building file: ../main.c
Invoking: AVR Compiler
avr-gcc -Wall -g2 -gstabs -O0 -fpack-struct -fshort-enums -ffunction-sections -fdata-sections -std=gnu99 -funsigned-char -funsigned-bitfields -mmcu=atmega16 -DF_CPU=1000000UL -MMD -MP -MF"main.d" -MT"main.o" -c -o "main.o" "../main.c"
Finished building: ../main.c
 
Building target: Fan_Controller.elf
Invoking: AVR C Linker
avr-gcc -Wl,-Map,Fan_Controller.map -mmcu=atmega16 -o "Fan_Controller.elf"  ./adc.o ./dc_motor.o ./gpio.o ./lcd.o ./lm35_sensor.o ./main.o ./pwm.o   
Finished building target: Fan_Controller.elf
 
Invoking: AVR Create Extended Listing
avr-objdump -h -S Fan_Controller.elf  >"Fan_Controller.lss"
Finished building: Fan_Controller.lss
 
Invoking: Print Size
avr-size --format=avr --mcu=atmega16 Fan_Controller.elf
AVR Memory Usage
----------------
Device: atmega16

Program:    9384 bytes (57.3% Full)
(.text + .data + .bootloader)

Data:        298 bytes (29.1% Full)
(.data + .bss + .noinit)


Finished building: sizedummy
 
17:12:20 **** Incremental Build of configuration Debug for project Fan_Controller ****
make all 
Building file: ../main.c
Invoking: AVR Compiler
avr-gcc -Wall -g2 -gstabs -O0 -fpack-struct -fshort-enums -ffunction-sections -fdata-sections -std=gnu99 -funsigned-char -funsigned-bitfields -mmcu=atmega16 -DF_CPU=1000000UL -MMD -MP -MF"main.d" -MT"main.o" -c -o "main.o" "../main.c"
Finished building: ../main.c
 
Building target: Fan_Controller.elf
Invoking: AVR C Linker
avr-gcc -Wl,-Map,Fan_Controller.map -mmcu=atmega16 -o "Fan_Controller.elf"  ./adc.o ./dc_motor.o ./gpio.o ./lcd.o ./lm35_sensor.o ./main.o ./pwm.o   
Finished building target: Fan_Controller.elf
 
Invoking: AVR Create Extended Listing
avr-objdump -h -S Fan_Controller.elf  >"Fan_Controller.lss"
Finished building: Fan_Controller.lss
 
Invoking: Print Size
avr-size --format=avr --mcu=atmega16 Fan_Controller.elf
AVR Memory Usage
----------------
Device: atmega16

Program:    9384 bytes (57.3% Full)
(.text + .data + .bootloader)

Data:        298 bytes (29.1% Full)
(.data + .bss + .noinit)


Finished building: sizedummy
 
17:12:48 **** Incremental Build of configuration Debug for project Fan_Controller ****
make all 
Building file: ../main.c
Invoking: AVR Compiler
avr-gcc -Wall -g2 -gstabs -O0 -fpack-struct -fshort-enums -ffunction-sections -fdata-sections -std=gnu99 -funsigned-char -funsigned-bitfields -mmcu=atmega16 -DF_CPU=1000000UL -MMD -MP -MF"main.d" -MT"main.o" -c -o "main.o" "../main.c"
Finished building: ../main.c
 
Building target: Fan_Controller.elf
Invoking: AVR C Linker
avr-gcc -Wl,-Map,Fan_Controller.map -mmcu=atmega16 -o "Fan_Controller.elf"  ./adc.o ./dc_motor.o ./gpio.o ./lcd.o ./lm35_sensor.o ./main.o ./pwm.o   
Finished building target: Fan_Controller.elf
 
Invoking: AVR Create Extended Listing
avr-objdump -h -S Fan_Controller.elf  >"Fan_Controller.lss"
Finished building: Fan_Controller.lss
 
Invoking: Print Size
avr-size --format=avr --mcu=atmega16 Fan_Controller.elf
AVR Memory Usage
----------------
Device: atmega16

Program:    9384 bytes (57.3% Full)
(.text + .data + .bootloader)

Data:        298 bytes (29.1% Full)
(.data + .bss + .noinit)


Finished building: sizedummy
 
17:16:52 **** Incremental Build of configuration Debug for project Fan_Controller ****
make all 
Building file: ../main.c
Invoking: AVR Compiler
avr-gcc -Wall -g2 -gstabs -O0 -fpack-struct -fshort-enums -ffunction-sections -fdata-sections -std=gnu99 -funsigned-char -funsigned-bitfields -mmcu=atmega16 -DF_CPU=1000000UL -MMD -MP -MF"main.d" -MT"main.o" -c -o "main.o" "../main.c"
Finished building: ../main.c
 
Building target: Fan_Controller.elf
Invoking: AVR C Linker
avr-gcc -Wl,-Map,Fan_Controller.map -mmcu=atmega16 -o "Fan_Controller.elf"  ./adc.o ./dc_motor.o ./gpio.o ./lcd.o ./lm35_sensor.o ./main.o ./pwm.o   
Finished building target: Fan_Controller.elf
 
Invoking: AVR Create Extended Listing
avr-objdump -h -S Fan_Controller.elf  >"Fan_Controller.lss"
Finished building: Fan_Controller.lss
 
Invoking: Print Size
avr-size --format=avr --mcu=atmega16 Fan_Controller.elf
AVR Memory Usage
----------------
Device: atmega16

Program:    9424 bytes (57.5% Full)
(.text + .data + .bootloader)

Data:        298 bytes (29.1% Full)
(.data + .bss + .noinit)


Finished building: sizedummy
 
17:17:55 **** Incremental Build of configuration Debug for project Fan_Controller ****
make all 
Building file: ../main.c
Invoking: AVR Compiler
avr-gcc -Wall -g2 -gstabs -O0 -fpack-struct -fshort-enums -ffunction-sections -fdata-sections -std=gnu99 -funsigned-char -funsigned-bitfields -mmcu=atmega16 -DF_CPU=1000000UL -MMD -MP -MF"main.d" -MT"main.o" -c -o "main.o" "../main.c"
Finished building: ../main.c
 
Building target: Fan_Controller.elf
Invoking: AVR C Linker
avr-gcc -Wl,-Map,Fan_Controller.map -mmcu=atmega16 -o "Fan_Controller.elf"  ./adc.o ./dc_motor.o ./gpio.o ./lcd.o ./lm35_sensor.o ./main.o ./pwm.o   
Finished building target: Fan_Controller.elf
 
Invoking: AVR Create Extended Listing
avr-objdump -h -S Fan_Controller.elf  >"Fan_Controller.lss"
Finished building: Fan_Controller.lss
 
Invoking: Print Size
avr-size --format=avr --mcu=atmega16 Fan_Controller.elf
AVR Memory Usage
----------------
Device: atmega16

Program:    9428 bytes (57.5% Full)
(.text + .data + .bootloader)

Data:        302 bytes (29.5% Full)
(.data + .bss + .noinit)


Finished building: sizedummy
 
17:18:37 **** Incremental Build of configuration Debug for project Fan_Controller ****
make all 
Building file: ../main.c
Invoking: AVR Compiler
avr-gcc -Wall -g2 -gstabs -O0 -fpack-struct -fshort-enums -ffunction-sections -fdata-sections -std=gnu99 -funsigned-char -funsigned-bitfields -mmcu=atmega16 -DF_CPU=1000000UL -MMD -MP -MF"main.d" -MT"main.o" -c -o "main.o" "../main.c"
../main.c: In function 'main':
../main.c:54: error: expected declaration or statement at end of input
make: *** [main.o] Error 1
"make all" terminated with exit code 2. Build might be incomplete.
17:19:01 **** Incremental Build of configuration Debug for project Fan_Controller ****
make all 
Building file: ../main.c
Invoking: AVR Compiler
avr-gcc -Wall -g2 -gstabs -O0 -fpack-struct -fshort-enums -ffunction-sections -fdata-sections -std=gnu99 -funsigned-char -funsigned-bitfields -mmcu=atmega16 -DF_CPU=1000000UL -MMD -MP -MF"main.d" -MT"main.o" -c -o "main.o" "../main.c"
Finished building: ../main.c
 
Building target: Fan_Controller.elf
Invoking: AVR C Linker
avr-gcc -Wl,-Map,Fan_Controller.map -mmcu=atmega16 -o "Fan_Controller.elf"  ./adc.o ./dc_motor.o ./gpio.o ./lcd.o ./lm35_sensor.o ./main.o ./pwm.o   
Finished building target: Fan_Controller.elf
 
Invoking: AVR Create Extended Listing
avr-objdump -h -S Fan_Controller.elf  >"Fan_Controller.lss"
Finished building: Fan_Controller.lss
 
Invoking: Print Size
avr-size --format=avr --mcu=atmega16 Fan_Controller.elf
AVR Memory Usage
----------------
Device: atmega16

Program:    9378 bytes (57.2% Full)
(.text + .data + .bootloader)

Data:        300 bytes (29.3% Full)
(.data + .bss + .noinit)


Finished building: sizedummy
 
17:20:18 **** Incremental Build of configuration Debug for project Fan_Controller ****
make all 
Building file: ../main.c
Invoking: AVR Compiler
avr-gcc -Wall -g2 -gstabs -O0 -fpack-struct -fshort-enums -ffunction-sections -fdata-sections -std=gnu99 -funsigned-char -funsigned-bitfields -mmcu=atmega16 -DF_CPU=1000000UL -MMD -MP -MF"main.d" -MT"main.o" -c -o "main.o" "../main.c"
Finished building: ../main.c
 
Building target: Fan_Controller.elf
Invoking: AVR C Linker
avr-gcc -Wl,-Map,Fan_Controller.map -mmcu=atmega16 -o "Fan_Controller.elf"  ./adc.o ./dc_motor.o ./gpio.o ./lcd.o ./lm35_sensor.o ./main.o ./pwm.o   
Finished building target: Fan_Controller.elf
 
Invoking: AVR Create Extended Listing
avr-objdump -h -S Fan_Controller.elf  >"Fan_Controller.lss"
Finished building: Fan_Controller.lss
 
Invoking: Print Size
avr-size --format=avr --mcu=atmega16 Fan_Controller.elf
AVR Memory Usage
----------------
Device: atmega16

Program:    9384 bytes (57.3% Full)
(.text + .data + .bootloader)

Data:        300 bytes (29.3% Full)
(.data + .bss + .noinit)


Finished building: sizedummy
 
17:23:41 **** Incremental Build of configuration Debug for project Fan_Controller ****
make all 
Building file: ../main.c
Invoking: AVR Compiler
avr-gcc -Wall -g2 -gstabs -O0 -fpack-struct -fshort-enums -ffunction-sections -fdata-sections -std=gnu99 -funsigned-char -funsigned-bitfields -mmcu=atmega16 -DF_CPU=1000000UL -MMD -MP -MF"main.d" -MT"main.o" -c -o "main.o" "../main.c"
Finished building: ../main.c
 
Building target: Fan_Controller.elf
Invoking: AVR C Linker
avr-gcc -Wl,-Map,Fan_Controller.map -mmcu=atmega16 -o "Fan_Controller.elf"  ./adc.o ./dc_motor.o ./gpio.o ./lcd.o ./lm35_sensor.o ./main.o ./pwm.o   
Finished building target: Fan_Controller.elf
 
Invoking: AVR Create Extended Listing
avr-objdump -h -S Fan_Controller.elf  >"Fan_Controller.lss"
Finished building: Fan_Controller.lss
 
Invoking: Print Size
avr-size --format=avr --mcu=atmega16 Fan_Controller.elf
AVR Memory Usage
----------------
Device: atmega16

Program:    9384 bytes (57.3% Full)
(.text + .data + .bootloader)

Data:        300 bytes (29.3% Full)
(.data + .bss + .noinit)


Finished building: sizedummy
 
17:53:57 **** Incremental Build of configuration Debug for project Fan_Controller ****
make all 
Building file: ../adc.c
Invoking: AVR Compiler
avr-gcc -Wall -g2 -gstabs -O0 -fpack-struct -fshort-enums -ffunction-sections -fdata-sections -std=gnu99 -funsigned-char -funsigned-bitfields -mmcu=atmega16 -DF_CPU=1000000UL -MMD -MP -MF"adc.d" -MT"adc.o" -c -o "adc.o" "../adc.c"
Finished building: ../adc.c
 
Building file: ../dc_motor.c
Invoking: AVR Compiler
avr-gcc -Wall -g2 -gstabs -O0 -fpack-struct -fshort-enums -ffunction-sections -fdata-sections -std=gnu99 -funsigned-char -funsigned-bitfields -mmcu=atmega16 -DF_CPU=1000000UL -MMD -MP -MF"dc_motor.d" -MT"dc_motor.o" -c -o "dc_motor.o" "../dc_motor.c"
Finished building: ../dc_motor.c
 
Building file: ../gpio.c
Invoking: AVR Compiler
avr-gcc -Wall -g2 -gstabs -O0 -fpack-struct -fshort-enums -ffunction-sections -fdata-sections -std=gnu99 -funsigned-char -funsigned-bitfields -mmcu=atmega16 -DF_CPU=1000000UL -MMD -MP -MF"gpio.d" -MT"gpio.o" -c -o "gpio.o" "../gpio.c"
Finished building: ../gpio.c
 
Building file: ../lcd.c
Invoking: AVR Compiler
avr-gcc -Wall -g2 -gstabs -O0 -fpack-struct -fshort-enums -ffunction-sections -fdata-sections -std=gnu99 -funsigned-char -funsigned-bitfields -mmcu=atmega16 -DF_CPU=1000000UL -MMD -MP -MF"lcd.d" -MT"lcd.o" -c -o "lcd.o" "../lcd.c"
In file included from ../lcd.c:13:
c:/winavr-20100110/lib/gcc/../../avr/include/util/delay.h:90:3: warning: #warning "Compiler optimizations disabled; functions from <util/delay.h> won't work as designed"
../lcd.c: In function 'LCD_intgerToString':
../lcd.c:145: warning: implicit declaration of function 'itoa'
Finished building: ../lcd.c
 
Building file: ../lm35_sensor.c
Invoking: AVR Compiler
avr-gcc -Wall -g2 -gstabs -O0 -fpack-struct -fshort-enums -ffunction-sections -fdata-sections -std=gnu99 -funsigned-char -funsigned-bitfields -mmcu=atmega16 -DF_CPU=1000000UL -MMD -MP -MF"lm35_sensor.d" -MT"lm35_sensor.o" -c -o "lm35_sensor.o" "../lm35_sensor.c"
Finished building: ../lm35_sensor.c
 
Building file: ../main.c
Invoking: AVR Compiler
avr-gcc -Wall -g2 -gstabs -O0 -fpack-struct -fshort-enums -ffunction-sections -fdata-sections -std=gnu99 -funsigned-char -funsigned-bitfields -mmcu=atmega16 -DF_CPU=1000000UL -MMD -MP -MF"main.d" -MT"main.o" -c -o "main.o" "../main.c"
Finished building: ../main.c
 
Building file: ../pwm.c
Invoking: AVR Compiler
avr-gcc -Wall -g2 -gstabs -O0 -fpack-struct -fshort-enums -ffunction-sections -fdata-sections -std=gnu99 -funsigned-char -funsigned-bitfields -mmcu=atmega16 -DF_CPU=1000000UL -MMD -MP -MF"pwm.d" -MT"pwm.o" -c -o "pwm.o" "../pwm.c"
Finished building: ../pwm.c
 
Building target: Fan_Controller.elf
Invoking: AVR C Linker
avr-gcc -Wl,-Map,Fan_Controller.map -mmcu=atmega16 -o "Fan_Controller.elf"  ./adc.o ./dc_motor.o ./gpio.o ./lcd.o ./lm35_sensor.o ./main.o ./pwm.o   
Finished building target: Fan_Controller.elf
 
Invoking: AVR Create Extended Listing
avr-objdump -h -S Fan_Controller.elf  >"Fan_Controller.lss"
Finished building: Fan_Controller.lss
 
Invoking: Print Size
avr-size --format=avr --mcu=atmega16 Fan_Controller.elf
AVR Memory Usage
----------------
Device: atmega16

Program:    9386 bytes (57.3% Full)
(.text + .data + .bootloader)

Data:        302 bytes (29.5% Full)
(.data + .bss + .noinit)


Finished building: sizedummy
 
